<?xml version="1.0" encoding="UTF-8"?>
<Site BuildName="(empty)"
	BuildStamp="20240627-0525-Experimental"
	Name="cai"
	Generator="ctest-3.16.3"
	CompilerName="/usr/bin/c++"
	CompilerVersion="9.4.0"
	OSName="Linux"
	Hostname="cai"
	OSRelease="5.15.0-107-generic"
	OSVersion="#117~20.04.1-Ubuntu SMP Tue Apr 30 10:35:57 UTC 2024"
	OSPlatform="x86_64"
	Is64Bits="1"
	VendorString="GenuineIntel"
	VendorID="Intel Corporation"
	FamilyID="6"
	ModelID="142"
	ProcessorCacheSize="6144"
	NumberOfLogicalCPU="8"
	NumberOfPhysicalCPU="4"
	TotalVirtualMemory="2047"
	TotalPhysicalMemory="7578"
	LogicalProcessorsPerPhysical="2"
	ProcessorClockFrequency="3371.14"
	>
	<Testing>
		<StartDateTime>Jun 27 13:15 +07</StartDateTime>
		<StartTestTime>1719468947</StartTestTime>
		<TestList/>
		<EndDateTime>Jun 27 13:15 +07</EndDateTime>
		<EndTestTime>1719468947</EndTestTime>
		<ElapsedMinutes>0</ElapsedMinutes>
	</Testing>
</Site>
